0 info it worked if it ends with ok
1 verbose cli [ 'C:\\Program Files\\nodejs\\\\node.exe',
1 verbose cli   'C:\\Program Files\\nodejs\\node_modules\\npm\\bin\\npm-cli.js',
1 verbose cli   'install' ]
2 info using npm@1.4.28
3 info using node@v0.10.33
4 verbose node symlink C:\Program Files\nodejs\\node.exe
5 warn package.json @ No description
6 warn package.json @ No repository field.
7 warn package.json @ No README data
8 verbose readDependencies using package.json deps
9 verbose install where, deps [ 'C:\\isd projects\\pop3 client', [ 'pop-lib' ] ]
10 info preinstall @
11 verbose readDependencies using package.json deps
12 verbose cache add [ 'pop-lib@^0.1.7', null ]
13 verbose cache add name=undefined spec="pop-lib@^0.1.7" args=["pop-lib@^0.1.7",null]
14 verbose parsed url { protocol: null,
14 verbose parsed url   slashes: null,
14 verbose parsed url   auth: null,
14 verbose parsed url   host: null,
14 verbose parsed url   port: null,
14 verbose parsed url   hostname: null,
14 verbose parsed url   hash: null,
14 verbose parsed url   search: null,
14 verbose parsed url   query: null,
14 verbose parsed url   pathname: 'pop-lib@^0.1.7',
14 verbose parsed url   path: 'pop-lib@^0.1.7',
14 verbose parsed url   href: 'pop-lib@^0.1.7' }
15 verbose cache add name="pop-lib" spec="^0.1.7" args=["pop-lib","^0.1.7"]
16 verbose parsed url { protocol: null,
16 verbose parsed url   slashes: null,
16 verbose parsed url   auth: null,
16 verbose parsed url   host: null,
16 verbose parsed url   port: null,
16 verbose parsed url   hostname: null,
16 verbose parsed url   hash: null,
16 verbose parsed url   search: null,
16 verbose parsed url   query: null,
16 verbose parsed url   pathname: '^0.1.7',
16 verbose parsed url   path: '^0.1.7',
16 verbose parsed url   href: '^0.1.7' }
17 verbose addNamed [ 'pop-lib', '^0.1.7' ]
18 verbose addNamed [ null, '>=0.1.7-0 <0.2.0-0' ]
19 silly lockFile 060d2360-pop-lib-0-1-7 pop-lib@^0.1.7
20 verbose lock pop-lib@^0.1.7 C:\Users\giren\AppData\Roaming\npm-cache\060d2360-pop-lib-0-1-7.lock
21 silly addNameRange { name: 'pop-lib', range: '>=0.1.7-0 <0.2.0-0', hasData: false }
22 verbose request where is /pop-lib
23 verbose request registry http://npm.isd.ictu/
24 verbose request id ee5d0081d197952a
25 verbose url raw /pop-lib
26 verbose url resolving [ 'http://npm.isd.ictu/', './pop-lib' ]
27 verbose url resolved http://npm.isd.ictu/pop-lib
28 verbose request where is http://npm.isd.ictu/pop-lib
29 info trying registry request attempt 1 at 15:33:54
30 http GET http://npm.isd.ictu/pop-lib
31 http 404 http://npm.isd.ictu/pop-lib
32 verbose headers { 'content-type': 'application/json; charset=utf-8',
32 verbose headers   'x-registry': 'https://registry.npmjs.org/',
32 verbose headers   server: 'CouchDB/1.5.0 (Erlang OTP/R16B03)',
32 verbose headers   'cache-control': 'no-cache',
32 verbose headers   'accept-ranges': 'bytes',
32 verbose headers   via: '1.1 varnish',
32 verbose headers   age: '0',
32 verbose headers   connection: 'keep-alive',
32 verbose headers   'x-served-by': 'cache-ams4141-AMS',
32 verbose headers   'x-cache': 'MISS',
32 verbose headers   'x-cache-hits': '0',
32 verbose headers   'x-timer': 'S1431524031.116113,VS0,VE385',
32 verbose headers   'content-encoding': 'gzip',
32 verbose headers   vary: 'accept-encoding',
32 verbose headers   date: 'Wed, 13 May 2015 13:33:51 GMT',
32 verbose headers   'transfer-encoding': 'chunked' }
33 silly registry.get cb [ 404,
33 silly registry.get   { 'content-type': 'application/json; charset=utf-8',
33 silly registry.get     'x-registry': 'https://registry.npmjs.org/',
33 silly registry.get     server: 'CouchDB/1.5.0 (Erlang OTP/R16B03)',
33 silly registry.get     'cache-control': 'no-cache',
33 silly registry.get     'accept-ranges': 'bytes',
33 silly registry.get     via: '1.1 varnish',
33 silly registry.get     age: '0',
33 silly registry.get     connection: 'keep-alive',
33 silly registry.get     'x-served-by': 'cache-ams4141-AMS',
33 silly registry.get     'x-cache': 'MISS',
33 silly registry.get     'x-cache-hits': '0',
33 silly registry.get     'x-timer': 'S1431524031.116113,VS0,VE385',
33 silly registry.get     'content-encoding': 'gzip',
33 silly registry.get     vary: 'accept-encoding',
33 silly registry.get     date: 'Wed, 13 May 2015 13:33:51 GMT',
33 silly registry.get     'transfer-encoding': 'chunked' } ]
34 silly lockFile 060d2360-pop-lib-0-1-7 pop-lib@^0.1.7
35 silly lockFile 060d2360-pop-lib-0-1-7 pop-lib@^0.1.7
36 error 404 404 Not Found: pop-lib
36 error 404
36 error 404 'pop-lib' is not in the npm registry.
36 error 404 You should bug the author to publish it
36 error 404
36 error 404 Note that you can also install from a
36 error 404 tarball, folder, or http url, or git url.
37 error System Windows_NT 6.1.7601
38 error command "C:\\Program Files\\nodejs\\\\node.exe" "C:\\Program Files\\nodejs\\node_modules\\npm\\bin\\npm-cli.js" "install"
39 error cwd C:\isd projects\pop3 client
40 error node -v v0.10.33
41 error npm -v 1.4.28
42 error code E404
43 verbose exit [ 1, true ]
